\BOOKMARK [0][-]{chapter.1}{\376\377\000I\000n\000s\000t\000a\000l\000l\000a\000t\000i\000o\000n}{}% 1
\BOOKMARK [1][-]{section.1.1}{\376\377\000I\000n\000s\000t\000a\000l\000l\000a\000t\000i\000o\000n\000\040\000a\000u\000t\000o\000m\000a\000t\000i\000s\000\351\000e}{chapter.1}% 2
\BOOKMARK [1][-]{section.1.2}{\376\377\000I\000n\000s\000t\000a\000l\000l\000a\000t\000i\000o\000n\000\040\000m\000a\000n\000u\000e\000l\000l\000e}{chapter.1}% 3
\BOOKMARK [1][-]{section.1.3}{\376\377\000A\000c\000c\000\350\000s\000\040\000\340\000\040\000d\000i\000s\000t\000a\000n\000c\000e}{chapter.1}% 4
\BOOKMARK [0][-]{chapter.2}{\376\377\000U\000t\000i\000l\000i\000s\000a\000t\000i\000o\000n}{}% 5
\BOOKMARK [1][-]{section.2.1}{\376\377\000\311\000t\000a\000p\000e\000s}{chapter.2}% 6
\BOOKMARK [1][-]{section.2.2}{\376\377\000E\000x\000e\000m\000p\000l\000e}{chapter.2}% 7
\BOOKMARK [0][-]{chapter.3}{\376\377\000M\000\351\000t\000h\000o\000d\000o\000l\000o\000g\000i\000e}{}% 8
\BOOKMARK [1][-]{section.3.1}{\376\377\000F\000\351\000c\000o\000n\000d\000i\000t\000\351}{chapter.3}% 9
\BOOKMARK [1][-]{section.3.2}{\376\377\000S\000c\000o\000l\000a\000r\000i\000t\000\351}{chapter.3}% 10
\BOOKMARK [1][-]{section.3.3}{\376\377\000S\000t\000a\000t\000u\000t\000\040\000c\000o\000n\000j\000u\000g\000a\000l}{chapter.3}% 11
\BOOKMARK [1][-]{section.3.4}{\376\377\000M\000o\000r\000t\000a\000l\000i\000t\000\351}{chapter.3}% 12
\BOOKMARK [1][-]{section.3.5}{\376\377\000M\000i\000g\000r\000a\000t\000i\000o\000n\000s}{chapter.3}% 13
\BOOKMARK [0][-]{chapter.4}{\376\377\000R\000\351\000s\000u\000l\000t\000a\000t\000s}{}% 14
\BOOKMARK [1][-]{section.4.1}{\376\377\000D\000o\000n\000n\000\351\000e\000s\000\040\000d\000e\000\040\000c\000o\000m\000p\000a\000r\000a\000i\000s\000o\000n}{chapter.4}% 15
\BOOKMARK [1][-]{section.4.2}{\376\377\000D\000o\000n\000n\000\351\000e\000s\000\040\000d\000e\000\040\000s\000i\000m\000u\000l\000a\000t\000i\000o\000n}{chapter.4}% 16
\BOOKMARK [1][-]{section.4.3}{\376\377\000R\000\351\000s\000u\000l\000t\000a\000t\000s\000\040\000d\000e\000s\000\040\000c\000o\000m\000p\000a\000r\000a\000i\000s\000o\000n\000s}{chapter.4}% 17
\BOOKMARK [0][-]{chapter.5}{\376\377\000D\000i\000c\000t\000i\000o\000n\000n\000a\000i\000r\000e\000\040\000\050\000c\000l\000a\000s\000s\000e\000s\000\040\000e\000t\000\040\000d\000e\000s\000\040\000f\000o\000n\000c\000t\000i\000o\000n\000s\000\051}{}% 18
\BOOKMARK [1][-]{section.5.1}{\376\377\000D\000o\000n\000n\000\351\000e\000s}{chapter.5}% 19
\BOOKMARK [1][-]{section.5.2}{\376\377\000T\000r\000a\000n\000s\000i\000t\000i\000o\000n\000s}{chapter.5}% 20
\BOOKMARK [1][-]{section.5.3}{\376\377\000S\000i\000m\000u\000l\000a\000t\000i\000o\000n}{chapter.5}% 21
\BOOKMARK [1][-]{section.5.4}{\376\377\000S\000t\000a\000t\000i\000s\000t\000i\000q\000u\000e\000s}{chapter.5}% 22
\BOOKMARK [0][-]{chapter.6}{\376\377\000I\000n\000d\000e\000x}{}% 23
\BOOKMARK [0][-]{section*.39}{\376\377\000I\000n\000d\000e\000x\000\040\000d\000e\000s\000\040\000m\000o\000d\000u\000l\000e\000s\000\040\000P\000y\000t\000h\000o\000n}{}% 24
\BOOKMARK [0][-]{section*.40}{\376\377\000I\000n\000d\000e\000x}{}% 25
